FILE_TYPE=LIBRARY_PARTS;
PRIMITIVE '3425L200_60MR','3425L200_60MR_Fuses Chip';
  PIN
    '1':
      PIN_NUMBER='(1)';
      NO_LOAD_CHECK=BOTH;
      NO_IO_CHECK=BOTH;
      ALLOW_CONNECT=TRUE;
      PINUSE='UNSPEC';
    '2':
      PIN_NUMBER='(2)';
      NO_LOAD_CHECK=BOTH;
      NO_IO_CHECK=BOTH;
      ALLOW_CONNECT=TRUE;
      PINUSE='UNSPEC';
  END_PIN;
  BODY
    PART_NAME='3425L200_60MR';
    PHYS_DES_PREFIX='F';
    NO_LOAD_CHECK='TRUE';
    PIN_COUNT='2';
    BODY_NAME='3425L200_60MR';
    JEDEC_TYPE='FUSC8664X180N';
  END_BODY;
END_PRIMITIVE;
END.
